[INFO] Initializing environment for https://github.com/pre-commit/mirrors-prettier.
[INFO] Initializing environment for https://github.com/pre-commit/mirrors-prettier:prettier@3.1.0.
[INFO] Initializing environment for https://github.com/igorshubovych/markdownlint-cli.
[INFO] Initializing environment for https://github.com/shellcheck-py/shellcheck-py.
[INFO] Initializing environment for https://github.com/AleksaC/hadolint-py.
[INFO] Installing environment for https://github.com/pre-commit/pre-commit-hooks.
[INFO] Once installed this environment will be reused.
[INFO] This may take a few minutes...
[INFO] Installing environment for https://github.com/pre-commit/mirrors-prettier.
[INFO] Once installed this environment will be reused.
[INFO] This may take a few minutes...
[INFO] Installing environment for https://github.com/igorshubovych/markdownlint-cli.
[INFO] Once installed this environment will be reused.
[INFO] This may take a few minutes...
[INFO] Installing environment for https://github.com/shellcheck-py/shellcheck-py.
[INFO] Once installed this environment will be reused.
[INFO] This may take a few minutes...
[INFO] Installing environment for https://github.com/AleksaC/hadolint-py.
[INFO] Once installed this environment will be reused.
[INFO] This may take a few minutes...
trim trailing whitespace.................................................Passed
fix end of files.........................................................Passed
check yaml...............................................................Passed
check json...............................................................Passed
check for added large files..............................................Passed
prettier.................................................................Failed
- hook id: prettier
- files were modified by this hook

.pre-commit-config.yaml

markdownlint.............................................................Passed
eslint (react-ts)....................................(no files to check)Skipped
eslint (nextjs)......................................(no files to check)Skipped
shellcheck...............................................................Passed
Hadolint.................................................................Passed
Validate Docker Compose..................................................Failed
- hook id: docker-compose-check
- exit code: 1

Validation failed for infra/04-data/minio/docker-compose.cluster.yaml:
time="2026-02-01T17:36:32+09:00" level=warning msg="The \"KAFKA_DATA_VOLUME\" variable is not set. Defaulting to a blank string."
time="2026-02-01T17:36:33+09:00" level=warning msg="The \"DEFAULT_USERNAME\" variable is not set. Defaulting to a blank string."
time="2026-02-01T17:36:33+09:00" level=warning msg="The \"MINIO_PASSWORD\" variable is not set. Defaulting to a blank string."
time="2026-02-01T17:36:33+09:00" level=warning msg="The \"DEFAULT_USERNAME\" variable is not set. Defaulting to a blank string."
time="2026-02-01T17:36:33+09:00" level=warning msg="The \"MINIO_PASSWORD\" variable is not set. Defaulting to a blank string."
time="2026-02-01T17:36:33+09:00" level=warning msg="The \"DEFAULT_USERNAME\" variable is not set. Defaulting to a blank string."
time="2026-02-01T17:36:33+09:00" level=warning msg="The \"MINIO_PASSWORD\" variable is not set. Defaulting to a blank string."
time="2026-02-01T17:36:33+09:00" level=warning msg="The \"DEFAULT_USERNAME\" variable is not set. Defaulting to a blank string."
time="2026-02-01T17:36:33+09:00" level=warning msg="The \"MINIO_PASSWORD\" variable is not set. Defaulting to a blank string."
time="2026-02-01T17:36:33+09:00" level=warning msg="The \"DEFAULT_USERNAME\" variable is not set. Defaulting to a blank string."
time="2026-02-01T17:36:33+09:00" level=warning msg="The \"MINIO_PASSWORD\" variable is not set. Defaulting to a blank string."
service "minio2" refers to undefined network nt-webserver: invalid compose project
Validation failed for infra/04-data/supabase/docker-compose.yml:
time="2026-02-01T17:36:33+09:00" level=warning msg="The \"KAFKA_DATA_VOLUME\" variable is not set. Defaulting to a blank string."
time="2026-02-01T17:36:34+09:00" level=warning msg="The \"SERVICE_ROLE_KEY\" variable is not set. Defaulting to a blank string."
time="2026-02-01T17:36:34+09:00" level=warning msg="The \"POSTGRES_PASSWORD\" variable is not set. Defaulting to a blank string."
time="2026-02-01T17:36:34+09:00" level=warning msg="The \"POSTGRES_HOST\" variable is not set. Defaulting to a blank string."
time="2026-02-01T17:36:34+09:00" level=warning msg="The \"ANON_KEY\" variable is not set. Defaulting to a blank string."
time="2026-02-01T17:36:34+09:00" level=warning msg="The \"JWT_SECRET\" variable is not set. Defaulting to a blank string."
time="2026-02-01T17:36:34+09:00" level=warning msg="The \"IMGPROXY_ENABLE_WEBP_DETECTION\" variable is not set. Defaulting to a blank string."
time="2026-02-01T17:36:34+09:00" level=warning msg="The \"POSTGRES_HOST\" variable is not set. Defaulting to a blank string."
time="2026-02-01T17:36:34+09:00" level=warning msg="The \"POSTGRES_PASSWORD\" variable is not set. Defaulting to a blank string."
time="2026-02-01T17:36:34+09:00" level=warning msg="The \"LOGFLARE_PUBLIC_ACCESS_TOKEN\" variable is not set. Defaulting to a blank string."
time="2026-02-01T17:36:34+09:00" level=warning msg="The \"POSTGRES_PASSWORD\" variable is not set. Defaulting to a blank string."
time="2026-02-01T17:36:34+09:00" level=warning msg="The \"POSTGRES_HOST\" variable is not set. Defaulting to a blank string."
time="2026-02-01T17:36:34+09:00" level=warning msg="The \"LOGFLARE_PRIVATE_ACCESS_TOKEN\" variable is not set. Defaulting to a blank string."
time="2026-02-01T17:36:34+09:00" level=warning msg="The \"SECRET_KEY_BASE\" variable is not set. Defaulting to a blank string."
time="2026-02-01T17:36:34+09:00" level=warning msg="The \"VAULT_ENC_KEY\" variable is not set. Defaulting to a blank string."
time="2026-02-01T17:36:34+09:00" level=warning msg="The \"POSTGRES_PASSWORD\" variable is not set. Defaulting to a blank string."
time="2026-02-01T17:36:34+09:00" level=warning msg="The \"POSTGRES_PASSWORD\" variable is not set. Defaulting to a blank string."
time="2026-02-01T17:36:34+09:00" level=warning msg="The \"POSTGRES_HOST\" variable is not set. Defaulting to a blank string."
time="2026-02-01T17:36:34+09:00" level=warning msg="The \"JWT_SECRET\" variable is not set. Defaulting to a blank string."
time="2026-02-01T17:36:34+09:00" level=warning msg="The \"JWT_SECRET\" variable is not set. Defaulting to a blank string."
time="2026-02-01T17:36:34+09:00" level=warning msg="The \"POOLER_TENANT_ID\" variable is not set. Defaulting to a blank string."
time="2026-02-01T17:36:34+09:00" level=warning msg="The \"POOLER_MAX_CLIENT_CONN\" variable is not set. Defaulting to a blank string."
time="2026-02-01T17:36:34+09:00" level=warning msg="The \"POOLER_DEFAULT_POOL_SIZE\" variable is not set. Defaulting to a blank string."
time="2026-02-01T17:36:34+09:00" level=warning msg="The \"POOLER_DB_POOL_SIZE\" variable is not set. Defaulting to a blank string."
time="2026-02-01T17:36:34+09:00" level=warning msg="The \"POOLER_PROXY_PORT_TRANSACTION\" variable is not set. Defaulting to a blank string."
time="2026-02-01T17:36:34+09:00" level=warning msg="The \"SMTP_SENDER_NAME\" variable is not set. Defaulting to a blank string."
time="2026-02-01T17:36:34+09:00" level=warning msg="The \"MAILER_URLPATHS_CONFIRMATION\" variable is not set. Defaulting to a blank string."
time="2026-02-01T17:36:34+09:00" level=warning msg="The \"POSTGRES_PASSWORD\" variable is not set. Defaulting to a blank string."
time="2026-02-01T17:36:34+09:00" level=warning msg="The \"POSTGRES_HOST\" variable is not set. Defaulting to a blank string."
time="2026-02-01T17:36:34+09:00" level=warning msg="The \"ADDITIONAL_REDIRECT_URLS\" variable is not set. Defaulting to a blank string."
time="2026-02-01T17:36:34+09:00" level=warning msg="The \"ENABLE_ANONYMOUS_USERS\" variable is not set. Defaulting to a blank string."
time="2026-02-01T17:36:34+09:00" level=warning msg="The \"SMTP_USER\" variable is not set. Defaulting to a blank string."
time="2026-02-01T17:36:34+09:00" level=warning msg="The \"MAILER_URLPATHS_RECOVERY\" variable is not set. Defaulting to a blank string."
time="2026-02-01T17:36:34+09:00" level=warning msg="The \"ENABLE_PHONE_SIGNUP\" variable is not set. Defaulting to a blank string."
time="2026-02-01T17:36:34+09:00" level=warning msg="The \"JWT_SECRET\" variable is not set. Defaulting to a blank string."
time="2026-02-01T17:36:34+09:00" level=warning msg="The \"ENABLE_EMAIL_SIGNUP\" variable is not set. Defaulting to a blank string."
time="2026-02-01T17:36:34+09:00" level=warning msg="The \"MAILER_URLPATHS_EMAIL_CHANGE\" variable is not set. Defaulting to a blank string."
time="2026-02-01T17:36:34+09:00" level=warning msg="The \"API_EXTERNAL_URL\" variable is not set. Defaulting to a blank string."
time="2026-02-01T17:36:34+09:00" level=warning msg="The \"SITE_URL\" variable is not set. Defaulting to a blank string."
time="2026-02-01T17:36:34+09:00" level=warning msg="The \"JWT_EXPIRY\" variable is not set. Defaulting to a blank string."
time="2026-02-01T17:36:34+09:00" level=warning msg="The \"SMTP_PASS\" variable is not set. Defaulting to a blank string."
time="2026-02-01T17:36:34+09:00" level=warning msg="The \"MAILER_URLPATHS_INVITE\" variable is not set. Defaulting to a blank string."
time="2026-02-01T17:36:34+09:00" level=warning msg="The \"ENABLE_PHONE_AUTOCONFIRM\" variable is not set. Defaulting to a blank string."
time="2026-02-01T17:36:34+09:00" level=warning msg="The \"DISABLE_SIGNUP\" variable is not set. Defaulting to a blank string."
time="2026-02-01T17:36:34+09:00" level=warning msg="The \"ENABLE_EMAIL_AUTOCONFIRM\" variable is not set. Defaulting to a blank string."
time="2026-02-01T17:36:34+09:00" level=warning msg="The \"SMTP_ADMIN_EMAIL\" variable is not set. Defaulting to a blank string."
time="2026-02-01T17:36:34+09:00" level=warning msg="The \"SMTP_HOST\" variable is not set. Defaulting to a blank string."
time="2026-02-01T17:36:34+09:00" level=warning msg="The \"ANON_KEY\" variable is not set. Defaulting to a blank string."
time="2026-02-01T17:36:34+09:00" level=warning msg="The \"JWT_SECRET\" variable is not set. Defaulting to a blank string."
time="2026-02-01T17:36:34+09:00" level=warning msg="The \"SECRET_KEY_BASE\" variable is not set. Defaulting to a blank string."
time="2026-02-01T17:36:34+09:00" level=warning msg="The \"POSTGRES_HOST\" variable is not set. Defaulting to a blank string."
time="2026-02-01T17:36:34+09:00" level=warning msg="The \"POSTGRES_PASSWORD\" variable is not set. Defaulting to a blank string."
time="2026-02-01T17:36:34+09:00" level=warning msg="The \"POSTGRES_PASSWORD\" variable is not set. Defaulting to a blank string."
time="2026-02-01T17:36:34+09:00" level=warning msg="The \"PG_META_CRYPTO_KEY\" variable is not set. Defaulting to a blank string."
time="2026-02-01T17:36:34+09:00" level=warning msg="The \"POSTGRES_HOST\" variable is not set. Defaulting to a blank string."
time="2026-02-01T17:36:34+09:00" level=warning msg="The \"JWT_SECRET\" variable is not set. Defaulting to a blank string."
time="2026-02-01T17:36:34+09:00" level=warning msg="The \"ANON_KEY\" variable is not set. Defaulting to a blank string."
time="2026-02-01T17:36:34+09:00" level=warning msg="The \"SERVICE_ROLE_KEY\" variable is not set. Defaulting to a blank string."
time="2026-02-01T17:36:34+09:00" level=warning msg="The \"POSTGRES_PASSWORD\" variable is not set. Defaulting to a blank string."
time="2026-02-01T17:36:34+09:00" level=warning msg="The \"POSTGRES_HOST\" variable is not set. Defaulting to a blank string."
time="2026-02-01T17:36:34+09:00" level=warning msg="The \"FUNCTIONS_VERIFY_JWT\" variable is not set. Defaulting to a blank string."
time="2026-02-01T17:36:34+09:00" level=warning msg="The \"JWT_EXPIRY\" variable is not set. Defaulting to a blank string."
time="2026-02-01T17:36:34+09:00" level=warning msg="The \"POSTGRES_PASSWORD\" variable is not set. Defaulting to a blank string."
time="2026-02-01T17:36:34+09:00" level=warning msg="The \"JWT_SECRET\" variable is not set. Defaulting to a blank string."
time="2026-02-01T17:36:34+09:00" level=warning msg="The \"POSTGRES_PASSWORD\" variable is not set. Defaulting to a blank string."
time="2026-02-01T17:36:34+09:00" level=warning msg="The \"LOGFLARE_PUBLIC_ACCESS_TOKEN\" variable is not set. Defaulting to a blank string."
time="2026-02-01T17:36:34+09:00" level=warning msg="The \"DOCKER_SOCKET_LOCATION\" variable is not set. Defaulting to a blank string."
time="2026-02-01T17:36:34+09:00" level=warning msg="The \"STUDIO_DEFAULT_PROJECT\" variable is not set. Defaulting to a blank string."
time="2026-02-01T17:36:34+09:00" level=warning msg="The \"JWT_SECRET\" variable is not set. Defaulting to a blank string."
time="2026-02-01T17:36:34+09:00" level=warning msg="The \"LOGFLARE_PUBLIC_ACCESS_TOKEN\" variable is not set. Defaulting to a blank string."
time="2026-02-01T17:36:34+09:00" level=warning msg="The \"PG_META_CRYPTO_KEY\" variable is not set. Defaulting to a blank string."
time="2026-02-01T17:36:34+09:00" level=warning msg="The \"SERVICE_ROLE_KEY\" variable is not set. Defaulting to a blank string."
time="2026-02-01T17:36:34+09:00" level=warning msg="The \"LOGFLARE_PRIVATE_ACCESS_TOKEN\" variable is not set. Defaulting to a blank string."
time="2026-02-01T17:36:34+09:00" level=warning msg="The \"POSTGRES_HOST\" variable is not set. Defaulting to a blank string."
time="2026-02-01T17:36:34+09:00" level=warning msg="The \"SUPABASE_PUBLIC_URL\" variable is not set. Defaulting to a blank string."
time="2026-02-01T17:36:34+09:00" level=warning msg="The \"ANON_KEY\" variable is not set. Defaulting to a blank string."
time="2026-02-01T17:36:34+09:00" level=warning msg="The \"STUDIO_DEFAULT_ORGANIZATION\" variable is not set. Defaulting to a blank string."
time="2026-02-01T17:36:34+09:00" level=warning msg="The \"LOGFLARE_PUBLIC_ACCESS_TOKEN\" variable is not set. Defaulting to a blank string."
time="2026-02-01T17:36:34+09:00" level=warning msg="The \"POSTGRES_PASSWORD\" variable is not set. Defaulting to a blank string."
time="2026-02-01T17:36:34+09:00" level=warning msg="The \"KONG_HTTP_PORT\" variable is not set. Defaulting to a blank string."
time="2026-02-01T17:36:34+09:00" level=warning msg="The \"KONG_HTTPS_PORT\" variable is not set. Defaulting to a blank string."
time="2026-02-01T17:36:34+09:00" level=warning msg="The \"ANON_KEY\" variable is not set. Defaulting to a blank string."
time="2026-02-01T17:36:34+09:00" level=warning msg="The \"DASHBOARD_PASSWORD\" variable is not set. Defaulting to a blank string."
time="2026-02-01T17:36:34+09:00" level=warning msg="The \"SERVICE_ROLE_KEY\" variable is not set. Defaulting to a blank string."
time="2026-02-01T17:36:34+09:00" level=warning msg="The \"DASHBOARD_USERNAME\" variable is not set. Defaulting to a blank string."
time="2026-02-01T17:36:34+09:00" level=warning msg="The \"POSTGRES_PASSWORD\" variable is not set. Defaulting to a blank string."
time="2026-02-01T17:36:34+09:00" level=warning msg="The \"POSTGRES_HOST\" variable is not set. Defaulting to a blank string."
time="2026-02-01T17:36:34+09:00" level=warning msg="The \"PGRST_DB_SCHEMAS\" variable is not set. Defaulting to a blank string."
time="2026-02-01T17:36:34+09:00" level=warning msg="The \"JWT_SECRET\" variable is not set. Defaulting to a blank string."
time="2026-02-01T17:36:34+09:00" level=warning msg="The \"JWT_SECRET\" variable is not set. Defaulting to a blank string."
time="2026-02-01T17:36:34+09:00" level=warning msg="The \"JWT_EXPIRY\" variable is not set. Defaulting to a blank string."
invalid spec: :/var/run/docker.sock:ro,z: empty section between colons
Validation failed for infra/02-auth/oauth2-proxy/docker-compose.redis.yml:
time="2026-02-01T17:36:33+09:00" level=warning msg="The \"KAFKA_DATA_VOLUME\" variable is not set. Defaulting to a blank string."
services.oauth2-proxy-redis-exporter: container name "oauth2-proxy-redis-exporter" is already in use by service {}"
Validation failed for infra/09-tooling/terraform/docker-compose.yml:
time="2026-02-01T17:36:34+09:00" level=warning msg="The \"KAFKA_DATA_VOLUME\" variable is not set. Defaulting to a blank string."
time="2026-02-01T17:36:35+09:00" level=warning msg="The \"HOME\" variable is not set. Defaulting to a blank string."
time="2026-02-01T17:36:35+09:00" level=warning msg="The \"HOME\" variable is not set. Defaulting to a blank string."
validating D:\hy-home.docker\infra\09-tooling\terraform\docker-compose.yml: networks.external must be a mapping or null
